<?xml version="1.0" encoding="UTF-8"?>
<testsuite xmlns:xsi="http://www.w3.org/2001/XMLSchema-instance" xsi:noNamespaceSchemaLocation="https://maven.apache.org/surefire/maven-surefire-plugin/xsd/surefire-test-report-3.0.xsd" version="3.0" name="com.portobello.pedidos.controller.PedidoControllerTest" time="5.132" tests="4" errors="0" skipped="0" failures="0">
  <properties>
[...]
</properties>
  <testcase name="deveBuscarPedidoPorId" classname="com.portobello.pedidos.controller.PedidoControllerTest" time="0.608">
    <system-out><![CDATA[10:31:04.589 [main] INFO org.springframework.test.context.support.AnnotationConfigContextLoaderUtils -- Could not detect default configuration classes for test class [com.portobello.pedidos.controller.PedidoControllerTest]: PedidoControllerTest does not declare any static, non-private, non-final, nested classes annotated with @Configuration.
10:31:04.802 [main] INFO org.springframework.boot.test.context.SpringBootTestContextBootstrapper -- Found @SpringBootConfiguration com.portobello.pedidos.PedidoApp for test class com.portobello.pedidos.controller.PedidoControllerTest

  .   ____          _            __ _ _
 /\\ / ___'_ __ _ _(_)_ __  __ _ \ \ \ \
( ( )\___ | '_ | '_| | '_ \/ _` | \ \ \ \
 \\/  ___)| |_)| | | | | || (_| |  ) ) ) )
  '  |____| .__|_| |_|_| |_\__, | / / / /
 =========|_|==============|___/=/_/_/_/
 :: Spring Boot ::                (v3.1.2)

2025-07-17T10:31:05.423-03:00  INFO 18664 --- [           main] c.p.p.controller.PedidoControllerTest    : Starting PedidoControllerTest using Java 17.0.15 with PID 18664 (started by arinelson.koltz in C:\Users\arinelson.koltz\Documents\sistema-pedidos-b2b\backend)
2025-07-17T10:31:05.425-03:00  INFO 18664 --- [           main] c.p.p.controller.PedidoControllerTest    : No active profile set, falling back to 1 default profile: "default"
2025-07-17T10:31:08.670-03:00  INFO 18664 --- [           main] o.s.b.t.m.w.SpringBootMockServletContext : Initializing Spring TestDispatcherServlet ''
2025-07-17T10:31:08.671-03:00  INFO 18664 --- [           main] o.s.t.web.servlet.TestDispatcherServlet  : Initializing Servlet ''
2025-07-17T10:31:08.678-03:00  INFO 18664 --- [           main] o.s.t.web.servlet.TestDispatcherServlet  : Completed initialization in 2 ms
2025-07-17T10:31:08.729-03:00  INFO 18664 --- [           main] c.p.p.controller.PedidoControllerTest    : Started PedidoControllerTest in 3.812 seconds (process running for 5.057)
]]></system-out>
  </testcase>
  <testcase name="deveCriarPedido" classname="com.portobello.pedidos.controller.PedidoControllerTest" time="0.083"/>
  <testcase name="deveDeletarPedido" classname="com.portobello.pedidos.controller.PedidoControllerTest" time="0.012"/>
  <testcase name="deveListarTodosPedidos" classname="com.portobello.pedidos.controller.PedidoControllerTest" time="0.025"/>
</testsuite>